--------------------------------------------------------------
Running kmeans with 1 processes
dataset_size = 256.00 MB    numObjs = 2097152    numCoords = 16    numClusters = 32
Initial cluster centers:
(0) clusters[0] = 0.004715 7.995198 8.346090 1.069209 7.634423 6.345752 4.278550 9.997682 6.721331 3.343146 2.509972 5.590152 2.435149 3.354148 5.438011 2.778399
(0) clusters[1] = 1.021078 1.222118 0.583557 5.499637 2.217974 0.679308 8.885738 9.139716 8.693514 2.674257 2.721328 9.268611 8.862022 9.324500 3.713607 5.944382
(0) clusters[2] = 1.055605 3.438091 4.491276 5.507455 1.723666 6.807111 2.735951 0.343728 9.658373 5.107579 3.941269 8.264419 0.263599 8.721890 2.648821 0.791838
(0) clusters[3] = 1.090133 5.654074 8.398990 5.510395 1.239118 2.934909 6.586164 1.552633 0.628114 7.545774 5.166098 7.260231 1.655410 8.129035 1.584030 5.644182
(0) clusters[4] = 2.111379 8.885873 0.636457 9.945706 5.822664 7.273352 1.188464 0.689784 2.600297 6.876886 5.372571 0.938690 8.082283 4.099392 9.859626 8.810160
(0) clusters[5] = 2.150789 1.096968 4.544171 9.948642 5.333239 3.406033 5.043555 1.898683 3.565156 9.315085 6.597400 9.934498 9.478977 3.496776 8.794840 3.652738
(0) clusters[6] = 2.185321 3.312946 8.451885 9.951582 4.843814 9.533831 8.893767 3.102700 4.539781 1.748402 7.822229 8.930311 0.880554 2.903926 7.730053 8.505077
(0) clusters[7] = 2.219843 5.524042 2.354716 9.954517 4.359267 5.661629 2.743980 4.306712 5.504640 4.186602 9.047059 7.921236 2.277247 2.306198 6.665267 3.352533
(0) clusters[8] = 3.241094 8.755845 4.597066 4.389828 8.937934 9.995185 7.346285 3.448751 7.471940 3.512831 9.248644 1.604578 8.704121 8.276551 4.945737 6.523399
(0) clusters[9] = 3.275621 0.966935 8.504781 4.397646 8.448509 6.132754 1.196498 4.657651 8.446564 5.951031 0.478356 0.600386 0.105697 7.678818 3.880950 1.365967
(0) clusters[10] = 3.315027 3.187801 2.407617 4.395703 7.959084 2.260552 5.046711 5.861668 9.411423 8.384348 1.698302 9.591316 1.502391 7.081085 2.816164 6.213428
(0) clusters[11] = 4.331395 6.414716 4.645084 8.835897 2.542625 6.594112 9.649006 5.003701 1.383606 7.715459 1.904770 3.279540 7.929264 3.056326 1.091761 9.384289
(0) clusters[12] = 4.365922 8.630699 8.552798 8.833949 2.053199 2.721910 3.504102 6.207723 2.353348 0.153659 3.129604 2.270465 9.330841 2.458588 0.026974 4.231750
(0) clusters[13] = 4.400445 0.841790 2.460512 8.841772 1.563774 8.854591 7.349432 7.416618 3.318207 2.591859 4.354433 1.261395 0.727535 1.855977 8.962183 9.074323
(0) clusters[14] = 4.434977 3.057773 6.368226 8.844707 1.074349 4.982394 1.204527 8.620635 4.283066 5.025176 5.574375 0.257203 2.124233 1.263127 7.897397 3.921784
(0) clusters[15] = 5.456227 6.284688 8.605693 3.280018 5.657895 9.320833 5.806832 7.762674 6.255249 4.351404 5.785730 3.935662 8.546223 7.233480 6.172989 7.092645
(0) clusters[16] = 5.495633 8.505554 2.513407 3.282953 5.168470 5.448631 9.661923 8.966686 7.224990 6.789604 7.005677 2.931475 9.947800 6.630869 5.108202 1.940106
(0) clusters[17] = 5.530160 0.716645 6.416239 3.290776 4.679044 1.576429 3.507253 0.175590 8.189854 9.227804 8.230506 1.927283 1.344494 6.038014 4.043416 6.787562
(0) clusters[18] = 6.551411 3.948448 8.658589 7.721204 9.267473 5.909990 8.114436 9.312741 0.162032 8.558915 8.436974 5.610624 7.771367 2.008371 2.323890 9.953545
(0) clusters[19] = 6.585933 6.159543 2.566308 7.729022 8.778043 2.042671 1.964649 0.521636 1.131774 0.992232 9.661808 4.601554 9.172944 1.415521 1.259104 4.801001
(0) clusters[20] = 6.620461 8.375516 6.474022 7.727075 8.288618 8.170469 5.814861 1.725658 2.096638 3.430432 0.881749 3.597362 0.569637 0.812906 0.194318 9.648457
(0) clusters[21] = 6.659866 0.586617 0.376853 7.730015 7.799193 4.298271 9.665074 2.934553 3.071262 5.868632 2.106579 2.588288 1.971214 0.215177 9.124648 4.500796
(0) clusters[22] = 7.676239 3.818415 2.614320 2.170209 2.382743 8.636710 4.272257 2.071713 5.038557 5.194861 2.313051 6.271639 8.398087 6.190413 7.405123 7.661892
(0) clusters[23] = 7.710766 6.034398 6.522034 2.168261 1.893313 4.769396 8.117587 3.280608 6.008304 7.628178 3.537876 5.267442 9.794776 5.587793 6.340337 2.514235
(0) clusters[24] = 7.745289 8.250371 0.424866 2.176084 1.403888 0.897189 1.967800 4.479738 6.973158 0.066373 4.757827 4.258367 1.191470 4.994947 5.270663 7.361696
(0) clusters[25] = 8.766539 1.477291 2.667216 6.606512 5.982555 5.230750 6.574983 3.621781 8.940463 9.397484 4.969173 7.946596 7.613460 0.965300 3.551142 0.522792
(0) clusters[26] = 8.801067 3.693270 6.574930 6.614330 5.498013 1.358548 0.420308 4.825793 9.915083 1.835689 6.189124 6.937526 9.015037 0.367567 2.486356 5.375130
(0) clusters[27] = 8.840472 5.904365 0.482649 6.617265 5.008583 7.491233 4.275404 6.034698 0.879942 4.269001 7.413953 5.928451 0.411731 9.769839 1.416686 0.222591
(0) clusters[28] = 8.874999 8.120343 4.385480 6.620205 4.519153 3.619031 8.125617 7.238710 1.849688 6.707206 8.633899 4.924255 1.813307 9.172106 0.351900 5.070043
(0) clusters[29] = 9.896250 1.352146 6.627830 1.055516 9.097821 7.957470 2.732804 6.380748 3.821866 6.038317 8.845250 8.607606 8.240180 5.142459 8.637253 8.236030
(0) clusters[30] = 9.930777 3.568124 0.535544 1.063334 8.613278 4.085273 6.578134 7.584765 4.786725 8.476512 0.065197 7.598531 9.636879 4.544726 7.567583 3.083487
(0) clusters[31] = 9.965305 5.779220 4.443258 1.061391 8.123848 0.213066 0.433225 8.793660 5.756472 0.904951 1.290026 6.594339 1.038456 3.946998 6.502797 7.930943
        nloops =  10   (total = 27.8309s)  (per loop =  2.7831s)
Final cluster centers:
clusters[0] = 2.730496 6.542668 6.816129 2.666820 6.350548 6.003075 5.783954 6.795666 5.646930 4.138093 4.004231 5.844969 3.791520 2.797468 5.214933 3.065348 
clusters[1] = 3.574535 2.927020 3.519378 5.073530 3.558518 2.788578 6.744317 6.790516 6.051930 2.724821 4.694929 6.468003 6.827984 6.690920 4.951373 5.305327 
clusters[2] = 3.319362 4.967526 5.317280 5.075817 2.669303 6.640960 3.372187 3.203575 7.462483 4.601378 4.103933 6.311533 3.553950 6.804838 3.867741 2.794158 
clusters[3] = 2.844854 5.298734 6.418153 2.930886 3.203321 3.786612 5.478030 3.654200 2.289213 6.186210 5.176918 6.284131 3.125769 6.460760 3.572387 5.507218 
clusters[4] = 3.946476 7.067220 3.746860 6.850400 6.065935 5.072029 2.842706 3.589367 4.217413 6.488710 4.480412 2.780266 5.948886 5.857635 7.287263 6.794823 
clusters[5] = 3.158779 3.479060 6.290815 7.102628 5.737190 3.964283 4.642157 3.565731 3.753367 6.823423 5.469713 7.155222 7.184153 6.088801 6.865698 3.462135 
clusters[6] = 4.650108 4.088430 7.323183 7.009254 4.385993 6.374301 7.219298 3.297483 5.374285 3.066478 6.020499 6.736700 3.475201 4.234026 6.811727 6.511214 
clusters[7] = 3.369523 6.995886 2.898809 7.087581 4.706337 5.330773 3.379607 5.587604 5.207026 4.567364 6.980733 7.266774 3.613463 2.928581 6.370137 4.243497 
clusters[8] = 3.717443 6.592244 4.086398 4.343093 7.248650 6.738712 7.004718 2.727987 6.353645 3.264540 6.584967 4.136182 6.387062 6.739828 4.387862 5.599214 
clusters[9] = 4.464870 2.831329 6.728786 5.302140 7.481516 5.682461 3.877930 5.187504 6.256733 5.102644 3.118637 2.512168 4.716247 7.095651 4.286626 3.058814 
clusters[10] = 3.627931 4.673213 3.279055 4.997458 6.980401 3.887199 4.766915 5.850416 7.061374 7.102746 3.265631 7.030553 3.222200 6.137115 3.845763 6.981586 
clusters[11] = 3.817473 5.921370 3.551288 6.324482 2.709862 5.874386 6.742128 4.753403 4.314125 7.210006 3.158596 4.444714 6.717619 3.598033 2.923890 6.803020 
clusters[12] = 3.889952 6.638455 6.680566 6.855894 3.310168 4.004958 4.375244 5.691582 3.151324 2.596113 3.460494 3.508784 6.820262 4.585667 3.449088 3.388367 
clusters[13] = 4.412735 3.131586 3.041753 4.926739 3.851946 7.132177 6.560421 7.238341 4.600363 3.397273 5.164366 2.869193 3.303734 4.199238 5.957302 6.947595 
clusters[14] = 5.726931 3.521453 6.583773 6.203998 2.594232 4.644259 2.929649 6.846740 4.436077 6.673600 5.050825 3.232623 3.590505 3.266700 6.658454 3.477139 
clusters[15] = 5.581795 6.444856 7.315162 4.480922 3.991182 7.337598 4.591800 7.536551 6.342061 4.555105 5.208780 4.429683 6.931202 7.194545 5.681827 6.932845 
clusters[16] = 3.732907 6.306726 3.008329 3.759540 4.585384 4.460342 5.979099 7.194847 6.399485 6.726487 7.204815 2.930441 6.632413 5.521648 5.711939 2.840153 
clusters[17] = 4.727141 2.893612 5.927998 3.483798 4.306447 3.431788 4.503785 3.031447 7.096103 6.936746 6.992456 2.738519 3.936137 4.888642 4.523098 6.807362 
clusters[18] = 4.372965 3.754901 6.916596 5.559530 7.045433 4.851867 6.467332 7.149205 2.998858 6.402618 6.623813 4.553210 6.491425 3.153437 3.426840 6.793445 
clusters[19] = 5.000370 4.394834 3.420283 3.743027 6.405481 3.218564 3.567175 3.077174 2.665432 3.276699 7.012909 4.329451 6.616602 3.722622 3.104753 4.255434 
clusters[20] = 6.927943 6.885074 6.412799 5.251762 6.651160 7.080144 4.363952 3.199827 4.224710 5.006805 3.237405 4.213762 3.088027 3.255497 3.043204 6.486402 
clusters[21] = 5.324445 3.682271 3.159339 5.990854 6.500202 3.361213 7.258122 3.011972 4.050637 4.468409 3.579756 3.476907 3.198243 3.737939 6.791389 3.338548 
clusters[22] = 6.010027 3.289476 3.468181 3.456433 3.112223 6.956051 3.587143 2.908684 4.231803 4.285186 3.028823 6.078449 6.914531 5.085696 6.177214 6.769785 
clusters[23] = 7.045626 6.559475 7.188938 3.276001 3.392610 4.078962 6.955594 2.945588 5.503717 5.890493 4.236692 5.032942 6.703537 5.043196 6.649187 3.224120 
clusters[24] = 6.451770 7.266290 2.805409 3.069218 2.886402 3.088196 4.210025 4.511097 6.639563 3.091759 4.978513 3.780314 3.143381 4.538043 5.019711 5.861410 
clusters[25] = 7.108154 3.360986 3.805469 6.017698 5.149665 6.826406 6.494983 4.468335 7.170053 6.598017 5.520178 6.264302 5.494580 3.064758 3.116093 2.842890 
clusters[26] = 6.664250 4.644302 6.466290 6.272839 5.405851 3.234701 2.968510 5.037682 7.614957 3.282538 5.741729 6.216253 7.104453 3.281249 3.586288 5.998800 
clusters[27] = 6.659884 4.490313 3.195577 5.606558 4.804903 7.252262 4.008038 6.042491 2.661201 3.672054 5.818962 5.563057 3.615743 7.291909 3.278562 2.971421 
clusters[28] = 7.281700 6.908673 5.664455 6.977113 4.791259 3.126499 6.876446 6.302077 4.486919 6.251522 6.816699 5.070209 3.144973 7.087729 3.905240 5.093233 
clusters[29] = 6.617848 3.775239 5.304790 2.599925 6.746921 6.786980 3.458239 5.260358 4.292145 6.320931 7.692065 6.897926 4.664744 5.079973 7.135043 5.622434 
clusters[30] = 6.862123 5.710711 2.931831 3.457056 6.606851 4.321236 4.931994 7.141503 3.567112 6.481133 2.486535 6.022999 7.107865 4.718392 5.747855 3.635427 
clusters[31] = 6.467206 4.745091 6.620659 4.259772 6.608716 2.700592 3.702090 6.503539 3.776756 2.818103 3.170778 5.982140 3.180577 5.754408 6.770174 6.672111 
--------------------------------------------------------------
Running kmeans with 2 processes
dataset_size = 256.00 MB    numObjs = 2097152    numCoords = 16    numClusters = 32
Initial cluster centers:
(0) clusters[0] = 0.004715 7.995198 8.346090 1.069209 7.634423 6.345752 4.278550 9.997682 6.721331 3.343146 2.509972 5.590152 2.435149 3.354148 5.438011 2.778399
(0) clusters[1] = 1.021078 1.222118 0.583557 5.499637 2.217974 0.679308 8.885738 9.139716 8.693514 2.674257 2.721328 9.268611 8.862022 9.324500 3.713607 5.944382
(0) clusters[2] = 1.055605 3.438091 4.491276 5.507455 1.723666 6.807111 2.735951 0.343728 9.658373 5.107579 3.941269 8.264419 0.263599 8.721890 2.648821 0.791838
(0) clusters[3] = 1.090133 5.654074 8.398990 5.510395 1.239118 2.934909 6.586164 1.552633 0.628114 7.545774 5.166098 7.260231 1.655410 8.129035 1.584030 5.644182
(0) clusters[4] = 2.111379 8.885873 0.636457 9.945706 5.822664 7.273352 1.188464 0.689784 2.600297 6.876886 5.372571 0.938690 8.082283 4.099392 9.859626 8.810160
(0) clusters[5] = 2.150789 1.096968 4.544171 9.948642 5.333239 3.406033 5.043555 1.898683 3.565156 9.315085 6.597400 9.934498 9.478977 3.496776 8.794840 3.652738
(0) clusters[6] = 2.185321 3.312946 8.451885 9.951582 4.843814 9.533831 8.893767 3.102700 4.539781 1.748402 7.822229 8.930311 0.880554 2.903926 7.730053 8.505077
(0) clusters[7] = 2.219843 5.524042 2.354716 9.954517 4.359267 5.661629 2.743980 4.306712 5.504640 4.186602 9.047059 7.921236 2.277247 2.306198 6.665267 3.352533
(0) clusters[8] = 3.241094 8.755845 4.597066 4.389828 8.937934 9.995185 7.346285 3.448751 7.471940 3.512831 9.248644 1.604578 8.704121 8.276551 4.945737 6.523399
(0) clusters[9] = 3.275621 0.966935 8.504781 4.397646 8.448509 6.132754 1.196498 4.657651 8.446564 5.951031 0.478356 0.600386 0.105697 7.678818 3.880950 1.365967
(0) clusters[10] = 3.315027 3.187801 2.407617 4.395703 7.959084 2.260552 5.046711 5.861668 9.411423 8.384348 1.698302 9.591316 1.502391 7.081085 2.816164 6.213428
(0) clusters[11] = 4.331395 6.414716 4.645084 8.835897 2.542625 6.594112 9.649006 5.003701 1.383606 7.715459 1.904770 3.279540 7.929264 3.056326 1.091761 9.384289
(0) clusters[12] = 4.365922 8.630699 8.552798 8.833949 2.053199 2.721910 3.504102 6.207723 2.353348 0.153659 3.129604 2.270465 9.330841 2.458588 0.026974 4.231750
(0) clusters[13] = 4.400445 0.841790 2.460512 8.841772 1.563774 8.854591 7.349432 7.416618 3.318207 2.591859 4.354433 1.261395 0.727535 1.855977 8.962183 9.074323
(0) clusters[14] = 4.434977 3.057773 6.368226 8.844707 1.074349 4.982394 1.204527 8.620635 4.283066 5.025176 5.574375 0.257203 2.124233 1.263127 7.897397 3.921784
(0) clusters[15] = 5.456227 6.284688 8.605693 3.280018 5.657895 9.320833 5.806832 7.762674 6.255249 4.351404 5.785730 3.935662 8.546223 7.233480 6.172989 7.092645
(0) clusters[16] = 5.495633 8.505554 2.513407 3.282953 5.168470 5.448631 9.661923 8.966686 7.224990 6.789604 7.005677 2.931475 9.947800 6.630869 5.108202 1.940106
(0) clusters[17] = 5.530160 0.716645 6.416239 3.290776 4.679044 1.576429 3.507253 0.175590 8.189854 9.227804 8.230506 1.927283 1.344494 6.038014 4.043416 6.787562
(0) clusters[18] = 6.551411 3.948448 8.658589 7.721204 9.267473 5.909990 8.114436 9.312741 0.162032 8.558915 8.436974 5.610624 7.771367 2.008371 2.323890 9.953545
(0) clusters[19] = 6.585933 6.159543 2.566308 7.729022 8.778043 2.042671 1.964649 0.521636 1.131774 0.992232 9.661808 4.601554 9.172944 1.415521 1.259104 4.801001
(0) clusters[20] = 6.620461 8.375516 6.474022 7.727075 8.288618 8.170469 5.814861 1.725658 2.096638 3.430432 0.881749 3.597362 0.569637 0.812906 0.194318 9.648457
(0) clusters[21] = 6.659866 0.586617 0.376853 7.730015 7.799193 4.298271 9.665074 2.934553 3.071262 5.868632 2.106579 2.588288 1.971214 0.215177 9.124648 4.500796
(0) clusters[22] = 7.676239 3.818415 2.614320 2.170209 2.382743 8.636710 4.272257 2.071713 5.038557 5.194861 2.313051 6.271639 8.398087 6.190413 7.405123 7.661892
(0) clusters[23] = 7.710766 6.034398 6.522034 2.168261 1.893313 4.769396 8.117587 3.280608 6.008304 7.628178 3.537876 5.267442 9.794776 5.587793 6.340337 2.514235
(0) clusters[24] = 7.745289 8.250371 0.424866 2.176084 1.403888 0.897189 1.967800 4.479738 6.973158 0.066373 4.757827 4.258367 1.191470 4.994947 5.270663 7.361696
(0) clusters[25] = 8.766539 1.477291 2.667216 6.606512 5.982555 5.230750 6.574983 3.621781 8.940463 9.397484 4.969173 7.946596 7.613460 0.965300 3.551142 0.522792
(0) clusters[26] = 8.801067 3.693270 6.574930 6.614330 5.498013 1.358548 0.420308 4.825793 9.915083 1.835689 6.189124 6.937526 9.015037 0.367567 2.486356 5.375130
(0) clusters[27] = 8.840472 5.904365 0.482649 6.617265 5.008583 7.491233 4.275404 6.034698 0.879942 4.269001 7.413953 5.928451 0.411731 9.769839 1.416686 0.222591
(0) clusters[28] = 8.874999 8.120343 4.385480 6.620205 4.519153 3.619031 8.125617 7.238710 1.849688 6.707206 8.633899 4.924255 1.813307 9.172106 0.351900 5.070043
(0) clusters[29] = 9.896250 1.352146 6.627830 1.055516 9.097821 7.957470 2.732804 6.380748 3.821866 6.038317 8.845250 8.607606 8.240180 5.142459 8.637253 8.236030
(0) clusters[30] = 9.930777 3.568124 0.535544 1.063334 8.613278 4.085273 6.578134 7.584765 4.786725 8.476512 0.065197 7.598531 9.636879 4.544726 7.567583 3.083487
(0) clusters[31] = 9.965305 5.779220 4.443258 1.061391 8.123848 0.213066 0.433225 8.793660 5.756472 0.904951 1.290026 6.594339 1.038456 3.946998 6.502797 7.930943
        nloops =  10   (total = 13.9023s)  (per loop =  1.3902s)
Final cluster centers:
clusters[0] = 2.730496 6.542668 6.816129 2.666820 6.350548 6.003075 5.783954 6.795666 5.646930 4.138093 4.004231 5.844969 3.791520 2.797468 5.214933 3.065348 
clusters[1] = 3.574535 2.927020 3.519378 5.073530 3.558518 2.788578 6.744317 6.790516 6.051930 2.724821 4.694929 6.468003 6.827984 6.690920 4.951373 5.305327 
clusters[2] = 3.319362 4.967526 5.317280 5.075817 2.669303 6.640960 3.372187 3.203575 7.462483 4.601378 4.103933 6.311533 3.553950 6.804838 3.867741 2.794158 
clusters[3] = 2.844854 5.298734 6.418153 2.930886 3.203321 3.786612 5.478030 3.654200 2.289213 6.186210 5.176918 6.284131 3.125769 6.460760 3.572387 5.507218 
clusters[4] = 3.946476 7.067220 3.746860 6.850400 6.065935 5.072029 2.842706 3.589367 4.217413 6.488710 4.480412 2.780266 5.948886 5.857635 7.287263 6.794823 
clusters[5] = 3.158779 3.479060 6.290815 7.102628 5.737190 3.964283 4.642157 3.565731 3.753367 6.823423 5.469713 7.155222 7.184153 6.088801 6.865698 3.462135 
clusters[6] = 4.650108 4.088430 7.323183 7.009254 4.385993 6.374301 7.219298 3.297483 5.374285 3.066478 6.020499 6.736700 3.475201 4.234026 6.811727 6.511214 
clusters[7] = 3.369523 6.995886 2.898809 7.087581 4.706337 5.330773 3.379607 5.587604 5.207026 4.567364 6.980733 7.266774 3.613463 2.928581 6.370137 4.243497 
clusters[8] = 3.717443 6.592244 4.086398 4.343093 7.248650 6.738712 7.004718 2.727987 6.353645 3.264540 6.584967 4.136182 6.387062 6.739828 4.387862 5.599214 
clusters[9] = 4.464870 2.831329 6.728786 5.302140 7.481516 5.682461 3.877930 5.187504 6.256733 5.102644 3.118637 2.512168 4.716247 7.095651 4.286626 3.058814 
clusters[10] = 3.627931 4.673213 3.279055 4.997458 6.980401 3.887199 4.766915 5.850416 7.061374 7.102746 3.265631 7.030553 3.222200 6.137115 3.845763 6.981586 
clusters[11] = 3.817473 5.921370 3.551288 6.324482 2.709862 5.874386 6.742128 4.753403 4.314125 7.210006 3.158596 4.444714 6.717619 3.598033 2.923890 6.803020 
clusters[12] = 3.889952 6.638455 6.680566 6.855894 3.310168 4.004958 4.375244 5.691582 3.151324 2.596113 3.460494 3.508784 6.820262 4.585667 3.449088 3.388367 
clusters[13] = 4.412735 3.131586 3.041753 4.926739 3.851946 7.132177 6.560421 7.238341 4.600363 3.397273 5.164366 2.869193 3.303734 4.199238 5.957302 6.947595 
clusters[14] = 5.726931 3.521453 6.583773 6.203998 2.594232 4.644259 2.929649 6.846740 4.436077 6.673600 5.050825 3.232623 3.590505 3.266700 6.658454 3.477139 
clusters[15] = 5.581795 6.444856 7.315162 4.480922 3.991182 7.337598 4.591800 7.536551 6.342061 4.555105 5.208780 4.429683 6.931202 7.194545 5.681827 6.932845 
clusters[16] = 3.732907 6.306726 3.008329 3.759540 4.585384 4.460342 5.979099 7.194847 6.399485 6.726487 7.204815 2.930441 6.632413 5.521648 5.711939 2.840153 
clusters[17] = 4.727141 2.893612 5.927998 3.483798 4.306447 3.431788 4.503785 3.031447 7.096103 6.936746 6.992456 2.738519 3.936137 4.888642 4.523098 6.807362 
clusters[18] = 4.372965 3.754901 6.916596 5.559530 7.045433 4.851867 6.467332 7.149205 2.998858 6.402618 6.623813 4.553210 6.491425 3.153437 3.426840 6.793445 
clusters[19] = 5.000370 4.394834 3.420283 3.743027 6.405481 3.218564 3.567175 3.077174 2.665432 3.276699 7.012909 4.329451 6.616602 3.722622 3.104753 4.255434 
clusters[20] = 6.927943 6.885074 6.412799 5.251762 6.651160 7.080144 4.363952 3.199827 4.224710 5.006805 3.237405 4.213762 3.088027 3.255497 3.043204 6.486402 
clusters[21] = 5.324445 3.682271 3.159339 5.990854 6.500202 3.361213 7.258122 3.011972 4.050637 4.468409 3.579756 3.476907 3.198243 3.737939 6.791389 3.338548 
clusters[22] = 6.010027 3.289476 3.468181 3.456433 3.112223 6.956051 3.587143 2.908684 4.231803 4.285186 3.028823 6.078449 6.914531 5.085696 6.177214 6.769785 
clusters[23] = 7.045626 6.559475 7.188938 3.276001 3.392610 4.078962 6.955594 2.945588 5.503717 5.890493 4.236692 5.032942 6.703537 5.043196 6.649187 3.224120 
clusters[24] = 6.451770 7.266290 2.805409 3.069218 2.886402 3.088196 4.210025 4.511097 6.639563 3.091759 4.978513 3.780314 3.143381 4.538043 5.019711 5.861410 
clusters[25] = 7.108154 3.360986 3.805469 6.017698 5.149665 6.826406 6.494983 4.468335 7.170053 6.598017 5.520178 6.264302 5.494580 3.064758 3.116093 2.842890 
clusters[26] = 6.664250 4.644302 6.466290 6.272839 5.405851 3.234701 2.968510 5.037682 7.614957 3.282538 5.741729 6.216253 7.104453 3.281249 3.586288 5.998800 
clusters[27] = 6.659884 4.490313 3.195577 5.606558 4.804903 7.252262 4.008038 6.042491 2.661201 3.672054 5.818962 5.563057 3.615743 7.291909 3.278562 2.971421 
clusters[28] = 7.281700 6.908673 5.664455 6.977113 4.791259 3.126499 6.876446 6.302077 4.486919 6.251522 6.816699 5.070209 3.144973 7.087729 3.905240 5.093233 
clusters[29] = 6.617848 3.775239 5.304790 2.599925 6.746921 6.786980 3.458239 5.260358 4.292145 6.320931 7.692065 6.897926 4.664744 5.079973 7.135043 5.622434 
clusters[30] = 6.862123 5.710711 2.931831 3.457056 6.606851 4.321236 4.931994 7.141503 3.567112 6.481133 2.486535 6.022999 7.107865 4.718392 5.747855 3.635427 
clusters[31] = 6.467206 4.745091 6.620659 4.259772 6.608716 2.700592 3.702090 6.503539 3.776756 2.818103 3.170778 5.982140 3.180577 5.754408 6.770174 6.672111 
--------------------------------------------------------------
Running kmeans with 4 processes
dataset_size = 256.00 MB    numObjs = 2097152    numCoords = 16    numClusters = 32
Initial cluster centers:
(0) clusters[0] = 0.004715 7.995198 8.346090 1.069209 7.634423 6.345752 4.278550 9.997682 6.721331 3.343146 2.509972 5.590152 2.435149 3.354148 5.438011 2.778399
(0) clusters[1] = 1.021078 1.222118 0.583557 5.499637 2.217974 0.679308 8.885738 9.139716 8.693514 2.674257 2.721328 9.268611 8.862022 9.324500 3.713607 5.944382
(0) clusters[2] = 1.055605 3.438091 4.491276 5.507455 1.723666 6.807111 2.735951 0.343728 9.658373 5.107579 3.941269 8.264419 0.263599 8.721890 2.648821 0.791838
(0) clusters[3] = 1.090133 5.654074 8.398990 5.510395 1.239118 2.934909 6.586164 1.552633 0.628114 7.545774 5.166098 7.260231 1.655410 8.129035 1.584030 5.644182
(0) clusters[4] = 2.111379 8.885873 0.636457 9.945706 5.822664 7.273352 1.188464 0.689784 2.600297 6.876886 5.372571 0.938690 8.082283 4.099392 9.859626 8.810160
(0) clusters[5] = 2.150789 1.096968 4.544171 9.948642 5.333239 3.406033 5.043555 1.898683 3.565156 9.315085 6.597400 9.934498 9.478977 3.496776 8.794840 3.652738
(0) clusters[6] = 2.185321 3.312946 8.451885 9.951582 4.843814 9.533831 8.893767 3.102700 4.539781 1.748402 7.822229 8.930311 0.880554 2.903926 7.730053 8.505077
(0) clusters[7] = 2.219843 5.524042 2.354716 9.954517 4.359267 5.661629 2.743980 4.306712 5.504640 4.186602 9.047059 7.921236 2.277247 2.306198 6.665267 3.352533
(0) clusters[8] = 3.241094 8.755845 4.597066 4.389828 8.937934 9.995185 7.346285 3.448751 7.471940 3.512831 9.248644 1.604578 8.704121 8.276551 4.945737 6.523399
(0) clusters[9] = 3.275621 0.966935 8.504781 4.397646 8.448509 6.132754 1.196498 4.657651 8.446564 5.951031 0.478356 0.600386 0.105697 7.678818 3.880950 1.365967
(0) clusters[10] = 3.315027 3.187801 2.407617 4.395703 7.959084 2.260552 5.046711 5.861668 9.411423 8.384348 1.698302 9.591316 1.502391 7.081085 2.816164 6.213428
(0) clusters[11] = 4.331395 6.414716 4.645084 8.835897 2.542625 6.594112 9.649006 5.003701 1.383606 7.715459 1.904770 3.279540 7.929264 3.056326 1.091761 9.384289
(0) clusters[12] = 4.365922 8.630699 8.552798 8.833949 2.053199 2.721910 3.504102 6.207723 2.353348 0.153659 3.129604 2.270465 9.330841 2.458588 0.026974 4.231750
(0) clusters[13] = 4.400445 0.841790 2.460512 8.841772 1.563774 8.854591 7.349432 7.416618 3.318207 2.591859 4.354433 1.261395 0.727535 1.855977 8.962183 9.074323
(0) clusters[14] = 4.434977 3.057773 6.368226 8.844707 1.074349 4.982394 1.204527 8.620635 4.283066 5.025176 5.574375 0.257203 2.124233 1.263127 7.897397 3.921784
(0) clusters[15] = 5.456227 6.284688 8.605693 3.280018 5.657895 9.320833 5.806832 7.762674 6.255249 4.351404 5.785730 3.935662 8.546223 7.233480 6.172989 7.092645
(0) clusters[16] = 5.495633 8.505554 2.513407 3.282953 5.168470 5.448631 9.661923 8.966686 7.224990 6.789604 7.005677 2.931475 9.947800 6.630869 5.108202 1.940106
(0) clusters[17] = 5.530160 0.716645 6.416239 3.290776 4.679044 1.576429 3.507253 0.175590 8.189854 9.227804 8.230506 1.927283 1.344494 6.038014 4.043416 6.787562
(0) clusters[18] = 6.551411 3.948448 8.658589 7.721204 9.267473 5.909990 8.114436 9.312741 0.162032 8.558915 8.436974 5.610624 7.771367 2.008371 2.323890 9.953545
(0) clusters[19] = 6.585933 6.159543 2.566308 7.729022 8.778043 2.042671 1.964649 0.521636 1.131774 0.992232 9.661808 4.601554 9.172944 1.415521 1.259104 4.801001
(0) clusters[20] = 6.620461 8.375516 6.474022 7.727075 8.288618 8.170469 5.814861 1.725658 2.096638 3.430432 0.881749 3.597362 0.569637 0.812906 0.194318 9.648457
(0) clusters[21] = 6.659866 0.586617 0.376853 7.730015 7.799193 4.298271 9.665074 2.934553 3.071262 5.868632 2.106579 2.588288 1.971214 0.215177 9.124648 4.500796
(0) clusters[22] = 7.676239 3.818415 2.614320 2.170209 2.382743 8.636710 4.272257 2.071713 5.038557 5.194861 2.313051 6.271639 8.398087 6.190413 7.405123 7.661892
(0) clusters[23] = 7.710766 6.034398 6.522034 2.168261 1.893313 4.769396 8.117587 3.280608 6.008304 7.628178 3.537876 5.267442 9.794776 5.587793 6.340337 2.514235
(0) clusters[24] = 7.745289 8.250371 0.424866 2.176084 1.403888 0.897189 1.967800 4.479738 6.973158 0.066373 4.757827 4.258367 1.191470 4.994947 5.270663 7.361696
(0) clusters[25] = 8.766539 1.477291 2.667216 6.606512 5.982555 5.230750 6.574983 3.621781 8.940463 9.397484 4.969173 7.946596 7.613460 0.965300 3.551142 0.522792
(0) clusters[26] = 8.801067 3.693270 6.574930 6.614330 5.498013 1.358548 0.420308 4.825793 9.915083 1.835689 6.189124 6.937526 9.015037 0.367567 2.486356 5.375130
(0) clusters[27] = 8.840472 5.904365 0.482649 6.617265 5.008583 7.491233 4.275404 6.034698 0.879942 4.269001 7.413953 5.928451 0.411731 9.769839 1.416686 0.222591
(0) clusters[28] = 8.874999 8.120343 4.385480 6.620205 4.519153 3.619031 8.125617 7.238710 1.849688 6.707206 8.633899 4.924255 1.813307 9.172106 0.351900 5.070043
(0) clusters[29] = 9.896250 1.352146 6.627830 1.055516 9.097821 7.957470 2.732804 6.380748 3.821866 6.038317 8.845250 8.607606 8.240180 5.142459 8.637253 8.236030
(0) clusters[30] = 9.930777 3.568124 0.535544 1.063334 8.613278 4.085273 6.578134 7.584765 4.786725 8.476512 0.065197 7.598531 9.636879 4.544726 7.567583 3.083487
(0) clusters[31] = 9.965305 5.779220 4.443258 1.061391 8.123848 0.213066 0.433225 8.793660 5.756472 0.904951 1.290026 6.594339 1.038456 3.946998 6.502797 7.930943
        nloops =  10   (total =  6.9927s)  (per loop =  0.6993s)
Final cluster centers:
clusters[0] = 2.730496 6.542668 6.816129 2.666820 6.350548 6.003075 5.783954 6.795666 5.646930 4.138093 4.004231 5.844969 3.791520 2.797468 5.214933 3.065348 
clusters[1] = 3.574535 2.927020 3.519378 5.073530 3.558518 2.788578 6.744317 6.790516 6.051930 2.724821 4.694929 6.468003 6.827984 6.690920 4.951373 5.305327 
clusters[2] = 3.319362 4.967526 5.317280 5.075817 2.669303 6.640960 3.372187 3.203575 7.462483 4.601378 4.103933 6.311533 3.553950 6.804838 3.867741 2.794158 
clusters[3] = 2.844854 5.298734 6.418153 2.930886 3.203321 3.786612 5.478030 3.654200 2.289213 6.186210 5.176918 6.284131 3.125769 6.460760 3.572387 5.507218 
clusters[4] = 3.946476 7.067220 3.746860 6.850400 6.065935 5.072029 2.842706 3.589367 4.217413 6.488710 4.480412 2.780266 5.948886 5.857635 7.287263 6.794823 
clusters[5] = 3.158779 3.479060 6.290815 7.102628 5.737190 3.964283 4.642157 3.565731 3.753367 6.823423 5.469713 7.155222 7.184153 6.088801 6.865698 3.462135 
clusters[6] = 4.650108 4.088430 7.323183 7.009254 4.385993 6.374301 7.219298 3.297483 5.374285 3.066478 6.020499 6.736700 3.475201 4.234026 6.811727 6.511214 
clusters[7] = 3.369523 6.995886 2.898809 7.087581 4.706337 5.330773 3.379607 5.587604 5.207026 4.567364 6.980733 7.266774 3.613463 2.928581 6.370137 4.243497 
clusters[8] = 3.717443 6.592244 4.086398 4.343093 7.248650 6.738712 7.004718 2.727987 6.353645 3.264540 6.584967 4.136182 6.387062 6.739828 4.387862 5.599214 
clusters[9] = 4.464870 2.831329 6.728786 5.302140 7.481516 5.682461 3.877930 5.187504 6.256733 5.102644 3.118637 2.512168 4.716247 7.095651 4.286626 3.058814 
clusters[10] = 3.627931 4.673213 3.279055 4.997458 6.980401 3.887199 4.766915 5.850416 7.061374 7.102746 3.265631 7.030553 3.222200 6.137115 3.845763 6.981586 
clusters[11] = 3.817473 5.921370 3.551288 6.324482 2.709862 5.874386 6.742128 4.753403 4.314125 7.210006 3.158596 4.444714 6.717619 3.598033 2.923890 6.803020 
clusters[12] = 3.889952 6.638455 6.680566 6.855894 3.310168 4.004958 4.375244 5.691582 3.151324 2.596113 3.460494 3.508784 6.820262 4.585667 3.449088 3.388367 
clusters[13] = 4.412735 3.131586 3.041753 4.926739 3.851946 7.132177 6.560421 7.238341 4.600363 3.397273 5.164366 2.869193 3.303734 4.199238 5.957302 6.947595 
clusters[14] = 5.726931 3.521453 6.583773 6.203998 2.594232 4.644259 2.929649 6.846740 4.436077 6.673600 5.050825 3.232623 3.590505 3.266700 6.658454 3.477139 
clusters[15] = 5.581795 6.444856 7.315162 4.480922 3.991182 7.337598 4.591800 7.536551 6.342061 4.555105 5.208780 4.429683 6.931202 7.194545 5.681827 6.932845 
clusters[16] = 3.732907 6.306726 3.008329 3.759540 4.585384 4.460342 5.979099 7.194847 6.399485 6.726487 7.204815 2.930441 6.632413 5.521648 5.711939 2.840153 
clusters[17] = 4.727141 2.893612 5.927998 3.483798 4.306447 3.431788 4.503785 3.031447 7.096103 6.936746 6.992456 2.738519 3.936137 4.888642 4.523098 6.807362 
clusters[18] = 4.372965 3.754901 6.916596 5.559530 7.045433 4.851867 6.467332 7.149205 2.998858 6.402618 6.623813 4.553210 6.491425 3.153437 3.426840 6.793445 
clusters[19] = 5.000370 4.394834 3.420283 3.743027 6.405481 3.218564 3.567175 3.077174 2.665432 3.276699 7.012909 4.329451 6.616602 3.722622 3.104753 4.255434 
clusters[20] = 6.927943 6.885074 6.412799 5.251762 6.651160 7.080144 4.363952 3.199827 4.224710 5.006805 3.237405 4.213762 3.088027 3.255497 3.043204 6.486402 
clusters[21] = 5.324445 3.682271 3.159339 5.990854 6.500202 3.361213 7.258122 3.011972 4.050637 4.468409 3.579756 3.476907 3.198243 3.737939 6.791389 3.338548 
clusters[22] = 6.010027 3.289476 3.468181 3.456433 3.112223 6.956051 3.587143 2.908684 4.231803 4.285186 3.028823 6.078449 6.914531 5.085696 6.177214 6.769785 
clusters[23] = 7.045626 6.559475 7.188938 3.276001 3.392610 4.078962 6.955594 2.945588 5.503717 5.890493 4.236692 5.032942 6.703537 5.043196 6.649187 3.224120 
clusters[24] = 6.451770 7.266290 2.805409 3.069218 2.886402 3.088196 4.210025 4.511097 6.639563 3.091759 4.978513 3.780314 3.143381 4.538043 5.019711 5.861410 
clusters[25] = 7.108154 3.360986 3.805469 6.017698 5.149665 6.826406 6.494983 4.468335 7.170053 6.598017 5.520178 6.264302 5.494580 3.064758 3.116093 2.842890 
clusters[26] = 6.664250 4.644302 6.466290 6.272839 5.405851 3.234701 2.968510 5.037682 7.614957 3.282538 5.741729 6.216253 7.104453 3.281249 3.586288 5.998800 
clusters[27] = 6.659884 4.490313 3.195577 5.606558 4.804903 7.252262 4.008038 6.042491 2.661201 3.672054 5.818962 5.563057 3.615743 7.291909 3.278562 2.971421 
clusters[28] = 7.281700 6.908673 5.664455 6.977113 4.791259 3.126499 6.876446 6.302077 4.486919 6.251522 6.816699 5.070209 3.144973 7.087729 3.905240 5.093233 
clusters[29] = 6.617848 3.775239 5.304790 2.599925 6.746921 6.786980 3.458239 5.260358 4.292145 6.320931 7.692065 6.897926 4.664744 5.079973 7.135043 5.622434 
clusters[30] = 6.862123 5.710711 2.931831 3.457056 6.606851 4.321236 4.931994 7.141503 3.567112 6.481133 2.486535 6.022999 7.107865 4.718392 5.747855 3.635427 
clusters[31] = 6.467206 4.745091 6.620659 4.259772 6.608716 2.700592 3.702090 6.503539 3.776756 2.818103 3.170778 5.982140 3.180577 5.754408 6.770174 6.672111 
--------------------------------------------------------------
Running kmeans with 8 processes
dataset_size = 256.00 MB    numObjs = 2097152    numCoords = 16    numClusters = 32
Initial cluster centers:
(0) clusters[0] = 0.004715 7.995198 8.346090 1.069209 7.634423 6.345752 4.278550 9.997682 6.721331 3.343146 2.509972 5.590152 2.435149 3.354148 5.438011 2.778399
(0) clusters[1] = 1.021078 1.222118 0.583557 5.499637 2.217974 0.679308 8.885738 9.139716 8.693514 2.674257 2.721328 9.268611 8.862022 9.324500 3.713607 5.944382
(0) clusters[2] = 1.055605 3.438091 4.491276 5.507455 1.723666 6.807111 2.735951 0.343728 9.658373 5.107579 3.941269 8.264419 0.263599 8.721890 2.648821 0.791838
(0) clusters[3] = 1.090133 5.654074 8.398990 5.510395 1.239118 2.934909 6.586164 1.552633 0.628114 7.545774 5.166098 7.260231 1.655410 8.129035 1.584030 5.644182
(0) clusters[4] = 2.111379 8.885873 0.636457 9.945706 5.822664 7.273352 1.188464 0.689784 2.600297 6.876886 5.372571 0.938690 8.082283 4.099392 9.859626 8.810160
(0) clusters[5] = 2.150789 1.096968 4.544171 9.948642 5.333239 3.406033 5.043555 1.898683 3.565156 9.315085 6.597400 9.934498 9.478977 3.496776 8.794840 3.652738
(0) clusters[6] = 2.185321 3.312946 8.451885 9.951582 4.843814 9.533831 8.893767 3.102700 4.539781 1.748402 7.822229 8.930311 0.880554 2.903926 7.730053 8.505077
(0) clusters[7] = 2.219843 5.524042 2.354716 9.954517 4.359267 5.661629 2.743980 4.306712 5.504640 4.186602 9.047059 7.921236 2.277247 2.306198 6.665267 3.352533
(0) clusters[8] = 3.241094 8.755845 4.597066 4.389828 8.937934 9.995185 7.346285 3.448751 7.471940 3.512831 9.248644 1.604578 8.704121 8.276551 4.945737 6.523399
(0) clusters[9] = 3.275621 0.966935 8.504781 4.397646 8.448509 6.132754 1.196498 4.657651 8.446564 5.951031 0.478356 0.600386 0.105697 7.678818 3.880950 1.365967
(0) clusters[10] = 3.315027 3.187801 2.407617 4.395703 7.959084 2.260552 5.046711 5.861668 9.411423 8.384348 1.698302 9.591316 1.502391 7.081085 2.816164 6.213428
(0) clusters[11] = 4.331395 6.414716 4.645084 8.835897 2.542625 6.594112 9.649006 5.003701 1.383606 7.715459 1.904770 3.279540 7.929264 3.056326 1.091761 9.384289
(0) clusters[12] = 4.365922 8.630699 8.552798 8.833949 2.053199 2.721910 3.504102 6.207723 2.353348 0.153659 3.129604 2.270465 9.330841 2.458588 0.026974 4.231750
(0) clusters[13] = 4.400445 0.841790 2.460512 8.841772 1.563774 8.854591 7.349432 7.416618 3.318207 2.591859 4.354433 1.261395 0.727535 1.855977 8.962183 9.074323
(0) clusters[14] = 4.434977 3.057773 6.368226 8.844707 1.074349 4.982394 1.204527 8.620635 4.283066 5.025176 5.574375 0.257203 2.124233 1.263127 7.897397 3.921784
(0) clusters[15] = 5.456227 6.284688 8.605693 3.280018 5.657895 9.320833 5.806832 7.762674 6.255249 4.351404 5.785730 3.935662 8.546223 7.233480 6.172989 7.092645
(0) clusters[16] = 5.495633 8.505554 2.513407 3.282953 5.168470 5.448631 9.661923 8.966686 7.224990 6.789604 7.005677 2.931475 9.947800 6.630869 5.108202 1.940106
(0) clusters[17] = 5.530160 0.716645 6.416239 3.290776 4.679044 1.576429 3.507253 0.175590 8.189854 9.227804 8.230506 1.927283 1.344494 6.038014 4.043416 6.787562
(0) clusters[18] = 6.551411 3.948448 8.658589 7.721204 9.267473 5.909990 8.114436 9.312741 0.162032 8.558915 8.436974 5.610624 7.771367 2.008371 2.323890 9.953545
(0) clusters[19] = 6.585933 6.159543 2.566308 7.729022 8.778043 2.042671 1.964649 0.521636 1.131774 0.992232 9.661808 4.601554 9.172944 1.415521 1.259104 4.801001
(0) clusters[20] = 6.620461 8.375516 6.474022 7.727075 8.288618 8.170469 5.814861 1.725658 2.096638 3.430432 0.881749 3.597362 0.569637 0.812906 0.194318 9.648457
(0) clusters[21] = 6.659866 0.586617 0.376853 7.730015 7.799193 4.298271 9.665074 2.934553 3.071262 5.868632 2.106579 2.588288 1.971214 0.215177 9.124648 4.500796
(0) clusters[22] = 7.676239 3.818415 2.614320 2.170209 2.382743 8.636710 4.272257 2.071713 5.038557 5.194861 2.313051 6.271639 8.398087 6.190413 7.405123 7.661892
(0) clusters[23] = 7.710766 6.034398 6.522034 2.168261 1.893313 4.769396 8.117587 3.280608 6.008304 7.628178 3.537876 5.267442 9.794776 5.587793 6.340337 2.514235
(0) clusters[24] = 7.745289 8.250371 0.424866 2.176084 1.403888 0.897189 1.967800 4.479738 6.973158 0.066373 4.757827 4.258367 1.191470 4.994947 5.270663 7.361696
(0) clusters[25] = 8.766539 1.477291 2.667216 6.606512 5.982555 5.230750 6.574983 3.621781 8.940463 9.397484 4.969173 7.946596 7.613460 0.965300 3.551142 0.522792
(0) clusters[26] = 8.801067 3.693270 6.574930 6.614330 5.498013 1.358548 0.420308 4.825793 9.915083 1.835689 6.189124 6.937526 9.015037 0.367567 2.486356 5.375130
(0) clusters[27] = 8.840472 5.904365 0.482649 6.617265 5.008583 7.491233 4.275404 6.034698 0.879942 4.269001 7.413953 5.928451 0.411731 9.769839 1.416686 0.222591
(0) clusters[28] = 8.874999 8.120343 4.385480 6.620205 4.519153 3.619031 8.125617 7.238710 1.849688 6.707206 8.633899 4.924255 1.813307 9.172106 0.351900 5.070043
(0) clusters[29] = 9.896250 1.352146 6.627830 1.055516 9.097821 7.957470 2.732804 6.380748 3.821866 6.038317 8.845250 8.607606 8.240180 5.142459 8.637253 8.236030
(0) clusters[30] = 9.930777 3.568124 0.535544 1.063334 8.613278 4.085273 6.578134 7.584765 4.786725 8.476512 0.065197 7.598531 9.636879 4.544726 7.567583 3.083487
(0) clusters[31] = 9.965305 5.779220 4.443258 1.061391 8.123848 0.213066 0.433225 8.793660 5.756472 0.904951 1.290026 6.594339 1.038456 3.946998 6.502797 7.930943
        nloops =  10   (total =  3.4904s)  (per loop =  0.3490s)
Final cluster centers:
clusters[0] = 2.730496 6.542668 6.816129 2.666820 6.350548 6.003075 5.783954 6.795666 5.646930 4.138093 4.004231 5.844969 3.791520 2.797468 5.214933 3.065348 
clusters[1] = 3.574535 2.927020 3.519378 5.073530 3.558518 2.788578 6.744317 6.790516 6.051930 2.724821 4.694929 6.468003 6.827984 6.690920 4.951373 5.305327 
clusters[2] = 3.319362 4.967526 5.317280 5.075817 2.669303 6.640960 3.372187 3.203575 7.462483 4.601378 4.103933 6.311533 3.553950 6.804838 3.867741 2.794158 
clusters[3] = 2.844854 5.298734 6.418153 2.930886 3.203321 3.786612 5.478030 3.654200 2.289213 6.186210 5.176918 6.284131 3.125769 6.460760 3.572387 5.507218 
clusters[4] = 3.946476 7.067220 3.746860 6.850400 6.065935 5.072029 2.842706 3.589367 4.217413 6.488710 4.480412 2.780266 5.948886 5.857635 7.287263 6.794823 
clusters[5] = 3.158779 3.479060 6.290815 7.102628 5.737190 3.964283 4.642157 3.565731 3.753367 6.823423 5.469713 7.155222 7.184153 6.088801 6.865698 3.462135 
clusters[6] = 4.650108 4.088430 7.323183 7.009254 4.385993 6.374301 7.219298 3.297483 5.374285 3.066478 6.020499 6.736700 3.475201 4.234026 6.811727 6.511214 
clusters[7] = 3.369523 6.995886 2.898809 7.087581 4.706337 5.330773 3.379607 5.587604 5.207026 4.567364 6.980733 7.266774 3.613463 2.928581 6.370137 4.243497 
clusters[8] = 3.717443 6.592244 4.086398 4.343093 7.248650 6.738712 7.004718 2.727987 6.353645 3.264540 6.584967 4.136182 6.387062 6.739828 4.387862 5.599214 
clusters[9] = 4.464870 2.831329 6.728786 5.302140 7.481516 5.682461 3.877930 5.187504 6.256733 5.102644 3.118637 2.512168 4.716247 7.095651 4.286626 3.058814 
clusters[10] = 3.627931 4.673213 3.279055 4.997458 6.980401 3.887199 4.766915 5.850416 7.061374 7.102746 3.265631 7.030553 3.222200 6.137115 3.845763 6.981586 
clusters[11] = 3.817473 5.921370 3.551288 6.324482 2.709862 5.874386 6.742128 4.753403 4.314125 7.210006 3.158596 4.444714 6.717619 3.598033 2.923890 6.803020 
clusters[12] = 3.889952 6.638455 6.680566 6.855894 3.310168 4.004958 4.375244 5.691582 3.151324 2.596113 3.460494 3.508784 6.820262 4.585667 3.449088 3.388367 
clusters[13] = 4.412735 3.131586 3.041753 4.926739 3.851946 7.132177 6.560421 7.238341 4.600363 3.397273 5.164366 2.869193 3.303734 4.199238 5.957302 6.947595 
clusters[14] = 5.726931 3.521453 6.583773 6.203998 2.594232 4.644259 2.929649 6.846740 4.436077 6.673600 5.050825 3.232623 3.590505 3.266700 6.658454 3.477139 
clusters[15] = 5.581795 6.444856 7.315162 4.480922 3.991182 7.337598 4.591800 7.536551 6.342061 4.555105 5.208780 4.429683 6.931202 7.194545 5.681827 6.932845 
clusters[16] = 3.732907 6.306726 3.008329 3.759540 4.585384 4.460342 5.979099 7.194847 6.399485 6.726487 7.204815 2.930441 6.632413 5.521648 5.711939 2.840153 
clusters[17] = 4.727141 2.893612 5.927998 3.483798 4.306447 3.431788 4.503785 3.031447 7.096103 6.936746 6.992456 2.738519 3.936137 4.888642 4.523098 6.807362 
clusters[18] = 4.372965 3.754901 6.916596 5.559530 7.045433 4.851867 6.467332 7.149205 2.998858 6.402618 6.623813 4.553210 6.491425 3.153437 3.426840 6.793445 
clusters[19] = 5.000370 4.394834 3.420283 3.743027 6.405481 3.218564 3.567175 3.077174 2.665432 3.276699 7.012909 4.329451 6.616602 3.722622 3.104753 4.255434 
clusters[20] = 6.927943 6.885074 6.412799 5.251762 6.651160 7.080144 4.363952 3.199827 4.224710 5.006805 3.237405 4.213762 3.088027 3.255497 3.043204 6.486402 
clusters[21] = 5.324445 3.682271 3.159339 5.990854 6.500202 3.361213 7.258122 3.011972 4.050637 4.468409 3.579756 3.476907 3.198243 3.737939 6.791389 3.338548 
clusters[22] = 6.010027 3.289476 3.468181 3.456433 3.112223 6.956051 3.587143 2.908684 4.231803 4.285186 3.028823 6.078449 6.914531 5.085696 6.177214 6.769785 
clusters[23] = 7.045626 6.559475 7.188938 3.276001 3.392610 4.078962 6.955594 2.945588 5.503717 5.890493 4.236692 5.032942 6.703537 5.043196 6.649187 3.224120 
clusters[24] = 6.451770 7.266290 2.805409 3.069218 2.886402 3.088196 4.210025 4.511097 6.639563 3.091759 4.978513 3.780314 3.143381 4.538043 5.019711 5.861410 
clusters[25] = 7.108154 3.360986 3.805469 6.017698 5.149665 6.826406 6.494983 4.468335 7.170053 6.598017 5.520178 6.264302 5.494580 3.064758 3.116093 2.842890 
clusters[26] = 6.664250 4.644302 6.466290 6.272839 5.405851 3.234701 2.968510 5.037682 7.614957 3.282538 5.741729 6.216253 7.104453 3.281249 3.586288 5.998800 
clusters[27] = 6.659884 4.490313 3.195577 5.606558 4.804903 7.252262 4.008038 6.042491 2.661201 3.672054 5.818962 5.563057 3.615743 7.291909 3.278562 2.971421 
clusters[28] = 7.281700 6.908673 5.664455 6.977113 4.791259 3.126499 6.876446 6.302077 4.486919 6.251522 6.816699 5.070209 3.144973 7.087729 3.905240 5.093233 
clusters[29] = 6.617848 3.775239 5.304790 2.599925 6.746921 6.786980 3.458239 5.260358 4.292145 6.320931 7.692065 6.897926 4.664744 5.079973 7.135043 5.622434 
clusters[30] = 6.862123 5.710711 2.931831 3.457056 6.606851 4.321236 4.931994 7.141503 3.567112 6.481133 2.486535 6.022999 7.107865 4.718392 5.747855 3.635427 
clusters[31] = 6.467206 4.745091 6.620659 4.259772 6.608716 2.700592 3.702090 6.503539 3.776756 2.818103 3.170778 5.982140 3.180577 5.754408 6.770174 6.672111 
--------------------------------------------------------------
Running kmeans with 16 processes
dataset_size = 256.00 MB    numObjs = 2097152    numCoords = 16    numClusters = 32
Initial cluster centers:
(0) clusters[0] = 0.004715 7.995198 8.346090 1.069209 7.634423 6.345752 4.278550 9.997682 6.721331 3.343146 2.509972 5.590152 2.435149 3.354148 5.438011 2.778399
(0) clusters[1] = 1.021078 1.222118 0.583557 5.499637 2.217974 0.679308 8.885738 9.139716 8.693514 2.674257 2.721328 9.268611 8.862022 9.324500 3.713607 5.944382
(0) clusters[2] = 1.055605 3.438091 4.491276 5.507455 1.723666 6.807111 2.735951 0.343728 9.658373 5.107579 3.941269 8.264419 0.263599 8.721890 2.648821 0.791838
(0) clusters[3] = 1.090133 5.654074 8.398990 5.510395 1.239118 2.934909 6.586164 1.552633 0.628114 7.545774 5.166098 7.260231 1.655410 8.129035 1.584030 5.644182
(0) clusters[4] = 2.111379 8.885873 0.636457 9.945706 5.822664 7.273352 1.188464 0.689784 2.600297 6.876886 5.372571 0.938690 8.082283 4.099392 9.859626 8.810160
(0) clusters[5] = 2.150789 1.096968 4.544171 9.948642 5.333239 3.406033 5.043555 1.898683 3.565156 9.315085 6.597400 9.934498 9.478977 3.496776 8.794840 3.652738
(0) clusters[6] = 2.185321 3.312946 8.451885 9.951582 4.843814 9.533831 8.893767 3.102700 4.539781 1.748402 7.822229 8.930311 0.880554 2.903926 7.730053 8.505077
(0) clusters[7] = 2.219843 5.524042 2.354716 9.954517 4.359267 5.661629 2.743980 4.306712 5.504640 4.186602 9.047059 7.921236 2.277247 2.306198 6.665267 3.352533
(0) clusters[8] = 3.241094 8.755845 4.597066 4.389828 8.937934 9.995185 7.346285 3.448751 7.471940 3.512831 9.248644 1.604578 8.704121 8.276551 4.945737 6.523399
(0) clusters[9] = 3.275621 0.966935 8.504781 4.397646 8.448509 6.132754 1.196498 4.657651 8.446564 5.951031 0.478356 0.600386 0.105697 7.678818 3.880950 1.365967
(0) clusters[10] = 3.315027 3.187801 2.407617 4.395703 7.959084 2.260552 5.046711 5.861668 9.411423 8.384348 1.698302 9.591316 1.502391 7.081085 2.816164 6.213428
(0) clusters[11] = 4.331395 6.414716 4.645084 8.835897 2.542625 6.594112 9.649006 5.003701 1.383606 7.715459 1.904770 3.279540 7.929264 3.056326 1.091761 9.384289
(0) clusters[12] = 4.365922 8.630699 8.552798 8.833949 2.053199 2.721910 3.504102 6.207723 2.353348 0.153659 3.129604 2.270465 9.330841 2.458588 0.026974 4.231750
(0) clusters[13] = 4.400445 0.841790 2.460512 8.841772 1.563774 8.854591 7.349432 7.416618 3.318207 2.591859 4.354433 1.261395 0.727535 1.855977 8.962183 9.074323
(0) clusters[14] = 4.434977 3.057773 6.368226 8.844707 1.074349 4.982394 1.204527 8.620635 4.283066 5.025176 5.574375 0.257203 2.124233 1.263127 7.897397 3.921784
(0) clusters[15] = 5.456227 6.284688 8.605693 3.280018 5.657895 9.320833 5.806832 7.762674 6.255249 4.351404 5.785730 3.935662 8.546223 7.233480 6.172989 7.092645
(0) clusters[16] = 5.495633 8.505554 2.513407 3.282953 5.168470 5.448631 9.661923 8.966686 7.224990 6.789604 7.005677 2.931475 9.947800 6.630869 5.108202 1.940106
(0) clusters[17] = 5.530160 0.716645 6.416239 3.290776 4.679044 1.576429 3.507253 0.175590 8.189854 9.227804 8.230506 1.927283 1.344494 6.038014 4.043416 6.787562
(0) clusters[18] = 6.551411 3.948448 8.658589 7.721204 9.267473 5.909990 8.114436 9.312741 0.162032 8.558915 8.436974 5.610624 7.771367 2.008371 2.323890 9.953545
(0) clusters[19] = 6.585933 6.159543 2.566308 7.729022 8.778043 2.042671 1.964649 0.521636 1.131774 0.992232 9.661808 4.601554 9.172944 1.415521 1.259104 4.801001
(0) clusters[20] = 6.620461 8.375516 6.474022 7.727075 8.288618 8.170469 5.814861 1.725658 2.096638 3.430432 0.881749 3.597362 0.569637 0.812906 0.194318 9.648457
(0) clusters[21] = 6.659866 0.586617 0.376853 7.730015 7.799193 4.298271 9.665074 2.934553 3.071262 5.868632 2.106579 2.588288 1.971214 0.215177 9.124648 4.500796
(0) clusters[22] = 7.676239 3.818415 2.614320 2.170209 2.382743 8.636710 4.272257 2.071713 5.038557 5.194861 2.313051 6.271639 8.398087 6.190413 7.405123 7.661892
(0) clusters[23] = 7.710766 6.034398 6.522034 2.168261 1.893313 4.769396 8.117587 3.280608 6.008304 7.628178 3.537876 5.267442 9.794776 5.587793 6.340337 2.514235
(0) clusters[24] = 7.745289 8.250371 0.424866 2.176084 1.403888 0.897189 1.967800 4.479738 6.973158 0.066373 4.757827 4.258367 1.191470 4.994947 5.270663 7.361696
(0) clusters[25] = 8.766539 1.477291 2.667216 6.606512 5.982555 5.230750 6.574983 3.621781 8.940463 9.397484 4.969173 7.946596 7.613460 0.965300 3.551142 0.522792
(0) clusters[26] = 8.801067 3.693270 6.574930 6.614330 5.498013 1.358548 0.420308 4.825793 9.915083 1.835689 6.189124 6.937526 9.015037 0.367567 2.486356 5.375130
(0) clusters[27] = 8.840472 5.904365 0.482649 6.617265 5.008583 7.491233 4.275404 6.034698 0.879942 4.269001 7.413953 5.928451 0.411731 9.769839 1.416686 0.222591
(0) clusters[28] = 8.874999 8.120343 4.385480 6.620205 4.519153 3.619031 8.125617 7.238710 1.849688 6.707206 8.633899 4.924255 1.813307 9.172106 0.351900 5.070043
(0) clusters[29] = 9.896250 1.352146 6.627830 1.055516 9.097821 7.957470 2.732804 6.380748 3.821866 6.038317 8.845250 8.607606 8.240180 5.142459 8.637253 8.236030
(0) clusters[30] = 9.930777 3.568124 0.535544 1.063334 8.613278 4.085273 6.578134 7.584765 4.786725 8.476512 0.065197 7.598531 9.636879 4.544726 7.567583 3.083487
(0) clusters[31] = 9.965305 5.779220 4.443258 1.061391 8.123848 0.213066 0.433225 8.793660 5.756472 0.904951 1.290026 6.594339 1.038456 3.946998 6.502797 7.930943
        nloops =  10   (total =  1.7577s)  (per loop =  0.1758s)
Final cluster centers:
clusters[0] = 2.730496 6.542668 6.816129 2.666820 6.350548 6.003075 5.783954 6.795666 5.646930 4.138093 4.004231 5.844969 3.791520 2.797468 5.214933 3.065348 
clusters[1] = 3.574535 2.927020 3.519378 5.073530 3.558518 2.788578 6.744317 6.790516 6.051930 2.724821 4.694929 6.468003 6.827984 6.690920 4.951373 5.305327 
clusters[2] = 3.319362 4.967526 5.317280 5.075817 2.669303 6.640960 3.372187 3.203575 7.462483 4.601378 4.103933 6.311533 3.553950 6.804838 3.867741 2.794158 
clusters[3] = 2.844854 5.298734 6.418153 2.930886 3.203321 3.786612 5.478030 3.654200 2.289213 6.186210 5.176918 6.284131 3.125769 6.460760 3.572387 5.507218 
clusters[4] = 3.946476 7.067220 3.746860 6.850400 6.065935 5.072029 2.842706 3.589367 4.217413 6.488710 4.480412 2.780266 5.948886 5.857635 7.287263 6.794823 
clusters[5] = 3.158779 3.479060 6.290815 7.102628 5.737190 3.964283 4.642157 3.565731 3.753367 6.823423 5.469713 7.155222 7.184153 6.088801 6.865698 3.462135 
clusters[6] = 4.650108 4.088430 7.323183 7.009254 4.385993 6.374301 7.219298 3.297483 5.374285 3.066478 6.020499 6.736700 3.475201 4.234026 6.811727 6.511214 
clusters[7] = 3.369523 6.995886 2.898809 7.087581 4.706337 5.330773 3.379607 5.587604 5.207026 4.567364 6.980733 7.266774 3.613463 2.928581 6.370137 4.243497 
clusters[8] = 3.717443 6.592244 4.086398 4.343093 7.248650 6.738712 7.004718 2.727987 6.353645 3.264540 6.584967 4.136182 6.387062 6.739828 4.387862 5.599214 
clusters[9] = 4.464870 2.831329 6.728786 5.302140 7.481516 5.682461 3.877930 5.187504 6.256733 5.102644 3.118637 2.512168 4.716247 7.095651 4.286626 3.058814 
clusters[10] = 3.627931 4.673213 3.279055 4.997458 6.980401 3.887199 4.766915 5.850416 7.061374 7.102746 3.265631 7.030553 3.222200 6.137115 3.845763 6.981586 
clusters[11] = 3.817473 5.921370 3.551288 6.324482 2.709862 5.874386 6.742128 4.753403 4.314125 7.210006 3.158596 4.444714 6.717619 3.598033 2.923890 6.803020 
clusters[12] = 3.889952 6.638455 6.680566 6.855894 3.310168 4.004958 4.375244 5.691582 3.151324 2.596113 3.460494 3.508784 6.820262 4.585667 3.449088 3.388367 
clusters[13] = 4.412735 3.131586 3.041753 4.926739 3.851946 7.132177 6.560421 7.238341 4.600363 3.397273 5.164366 2.869193 3.303734 4.199238 5.957302 6.947595 
clusters[14] = 5.726931 3.521453 6.583773 6.203998 2.594232 4.644259 2.929649 6.846740 4.436077 6.673600 5.050825 3.232623 3.590505 3.266700 6.658454 3.477139 
clusters[15] = 5.581795 6.444856 7.315162 4.480922 3.991182 7.337598 4.591800 7.536551 6.342061 4.555105 5.208780 4.429683 6.931202 7.194545 5.681827 6.932845 
clusters[16] = 3.732907 6.306726 3.008329 3.759540 4.585384 4.460342 5.979099 7.194847 6.399485 6.726487 7.204815 2.930441 6.632413 5.521648 5.711939 2.840153 
clusters[17] = 4.727141 2.893612 5.927998 3.483798 4.306447 3.431788 4.503785 3.031447 7.096103 6.936746 6.992456 2.738519 3.936137 4.888642 4.523098 6.807362 
clusters[18] = 4.372965 3.754901 6.916596 5.559530 7.045433 4.851867 6.467332 7.149205 2.998858 6.402618 6.623813 4.553210 6.491425 3.153437 3.426840 6.793445 
clusters[19] = 5.000370 4.394834 3.420283 3.743027 6.405481 3.218564 3.567175 3.077174 2.665432 3.276699 7.012909 4.329451 6.616602 3.722622 3.104753 4.255434 
clusters[20] = 6.927943 6.885074 6.412799 5.251762 6.651160 7.080144 4.363952 3.199827 4.224710 5.006805 3.237405 4.213762 3.088027 3.255497 3.043204 6.486402 
clusters[21] = 5.324445 3.682271 3.159339 5.990854 6.500202 3.361213 7.258122 3.011972 4.050637 4.468409 3.579756 3.476907 3.198243 3.737939 6.791389 3.338548 
clusters[22] = 6.010027 3.289476 3.468181 3.456433 3.112223 6.956051 3.587143 2.908684 4.231803 4.285186 3.028823 6.078449 6.914531 5.085696 6.177214 6.769785 
clusters[23] = 7.045626 6.559475 7.188938 3.276001 3.392610 4.078962 6.955594 2.945588 5.503717 5.890493 4.236692 5.032942 6.703537 5.043196 6.649187 3.224120 
clusters[24] = 6.451770 7.266290 2.805409 3.069218 2.886402 3.088196 4.210025 4.511097 6.639563 3.091759 4.978513 3.780314 3.143381 4.538043 5.019711 5.861410 
clusters[25] = 7.108154 3.360986 3.805469 6.017698 5.149665 6.826406 6.494983 4.468335 7.170053 6.598017 5.520178 6.264302 5.494580 3.064758 3.116093 2.842890 
clusters[26] = 6.664250 4.644302 6.466290 6.272839 5.405851 3.234701 2.968510 5.037682 7.614957 3.282538 5.741729 6.216253 7.104453 3.281249 3.586288 5.998800 
clusters[27] = 6.659884 4.490313 3.195577 5.606558 4.804903 7.252262 4.008038 6.042491 2.661201 3.672054 5.818962 5.563057 3.615743 7.291909 3.278562 2.971421 
clusters[28] = 7.281700 6.908673 5.664455 6.977113 4.791259 3.126499 6.876446 6.302077 4.486919 6.251522 6.816699 5.070209 3.144973 7.087729 3.905240 5.093233 
clusters[29] = 6.617848 3.775239 5.304790 2.599925 6.746921 6.786980 3.458239 5.260358 4.292145 6.320931 7.692065 6.897926 4.664744 5.079973 7.135043 5.622434 
clusters[30] = 6.862123 5.710711 2.931831 3.457056 6.606851 4.321236 4.931994 7.141503 3.567112 6.481133 2.486535 6.022999 7.107865 4.718392 5.747855 3.635427 
clusters[31] = 6.467206 4.745091 6.620659 4.259772 6.608716 2.700592 3.702090 6.503539 3.776756 2.818103 3.170778 5.982140 3.180577 5.754408 6.770174 6.672111 
--------------------------------------------------------------
Running kmeans with 32 processes
dataset_size = 256.00 MB    numObjs = 2097152    numCoords = 16    numClusters = 32
Initial cluster centers:
(0) clusters[0] = 0.004715 7.995198 8.346090 1.069209 7.634423 6.345752 4.278550 9.997682 6.721331 3.343146 2.509972 5.590152 2.435149 3.354148 5.438011 2.778399
(0) clusters[1] = 1.021078 1.222118 0.583557 5.499637 2.217974 0.679308 8.885738 9.139716 8.693514 2.674257 2.721328 9.268611 8.862022 9.324500 3.713607 5.944382
(0) clusters[2] = 1.055605 3.438091 4.491276 5.507455 1.723666 6.807111 2.735951 0.343728 9.658373 5.107579 3.941269 8.264419 0.263599 8.721890 2.648821 0.791838
(0) clusters[3] = 1.090133 5.654074 8.398990 5.510395 1.239118 2.934909 6.586164 1.552633 0.628114 7.545774 5.166098 7.260231 1.655410 8.129035 1.584030 5.644182
(0) clusters[4] = 2.111379 8.885873 0.636457 9.945706 5.822664 7.273352 1.188464 0.689784 2.600297 6.876886 5.372571 0.938690 8.082283 4.099392 9.859626 8.810160
(0) clusters[5] = 2.150789 1.096968 4.544171 9.948642 5.333239 3.406033 5.043555 1.898683 3.565156 9.315085 6.597400 9.934498 9.478977 3.496776 8.794840 3.652738
(0) clusters[6] = 2.185321 3.312946 8.451885 9.951582 4.843814 9.533831 8.893767 3.102700 4.539781 1.748402 7.822229 8.930311 0.880554 2.903926 7.730053 8.505077
(0) clusters[7] = 2.219843 5.524042 2.354716 9.954517 4.359267 5.661629 2.743980 4.306712 5.504640 4.186602 9.047059 7.921236 2.277247 2.306198 6.665267 3.352533
(0) clusters[8] = 3.241094 8.755845 4.597066 4.389828 8.937934 9.995185 7.346285 3.448751 7.471940 3.512831 9.248644 1.604578 8.704121 8.276551 4.945737 6.523399
(0) clusters[9] = 3.275621 0.966935 8.504781 4.397646 8.448509 6.132754 1.196498 4.657651 8.446564 5.951031 0.478356 0.600386 0.105697 7.678818 3.880950 1.365967
(0) clusters[10] = 3.315027 3.187801 2.407617 4.395703 7.959084 2.260552 5.046711 5.861668 9.411423 8.384348 1.698302 9.591316 1.502391 7.081085 2.816164 6.213428
(0) clusters[11] = 4.331395 6.414716 4.645084 8.835897 2.542625 6.594112 9.649006 5.003701 1.383606 7.715459 1.904770 3.279540 7.929264 3.056326 1.091761 9.384289
(0) clusters[12] = 4.365922 8.630699 8.552798 8.833949 2.053199 2.721910 3.504102 6.207723 2.353348 0.153659 3.129604 2.270465 9.330841 2.458588 0.026974 4.231750
(0) clusters[13] = 4.400445 0.841790 2.460512 8.841772 1.563774 8.854591 7.349432 7.416618 3.318207 2.591859 4.354433 1.261395 0.727535 1.855977 8.962183 9.074323
(0) clusters[14] = 4.434977 3.057773 6.368226 8.844707 1.074349 4.982394 1.204527 8.620635 4.283066 5.025176 5.574375 0.257203 2.124233 1.263127 7.897397 3.921784
(0) clusters[15] = 5.456227 6.284688 8.605693 3.280018 5.657895 9.320833 5.806832 7.762674 6.255249 4.351404 5.785730 3.935662 8.546223 7.233480 6.172989 7.092645
(0) clusters[16] = 5.495633 8.505554 2.513407 3.282953 5.168470 5.448631 9.661923 8.966686 7.224990 6.789604 7.005677 2.931475 9.947800 6.630869 5.108202 1.940106
(0) clusters[17] = 5.530160 0.716645 6.416239 3.290776 4.679044 1.576429 3.507253 0.175590 8.189854 9.227804 8.230506 1.927283 1.344494 6.038014 4.043416 6.787562
(0) clusters[18] = 6.551411 3.948448 8.658589 7.721204 9.267473 5.909990 8.114436 9.312741 0.162032 8.558915 8.436974 5.610624 7.771367 2.008371 2.323890 9.953545
(0) clusters[19] = 6.585933 6.159543 2.566308 7.729022 8.778043 2.042671 1.964649 0.521636 1.131774 0.992232 9.661808 4.601554 9.172944 1.415521 1.259104 4.801001
(0) clusters[20] = 6.620461 8.375516 6.474022 7.727075 8.288618 8.170469 5.814861 1.725658 2.096638 3.430432 0.881749 3.597362 0.569637 0.812906 0.194318 9.648457
(0) clusters[21] = 6.659866 0.586617 0.376853 7.730015 7.799193 4.298271 9.665074 2.934553 3.071262 5.868632 2.106579 2.588288 1.971214 0.215177 9.124648 4.500796
(0) clusters[22] = 7.676239 3.818415 2.614320 2.170209 2.382743 8.636710 4.272257 2.071713 5.038557 5.194861 2.313051 6.271639 8.398087 6.190413 7.405123 7.661892
(0) clusters[23] = 7.710766 6.034398 6.522034 2.168261 1.893313 4.769396 8.117587 3.280608 6.008304 7.628178 3.537876 5.267442 9.794776 5.587793 6.340337 2.514235
(0) clusters[24] = 7.745289 8.250371 0.424866 2.176084 1.403888 0.897189 1.967800 4.479738 6.973158 0.066373 4.757827 4.258367 1.191470 4.994947 5.270663 7.361696
(0) clusters[25] = 8.766539 1.477291 2.667216 6.606512 5.982555 5.230750 6.574983 3.621781 8.940463 9.397484 4.969173 7.946596 7.613460 0.965300 3.551142 0.522792
(0) clusters[26] = 8.801067 3.693270 6.574930 6.614330 5.498013 1.358548 0.420308 4.825793 9.915083 1.835689 6.189124 6.937526 9.015037 0.367567 2.486356 5.375130
(0) clusters[27] = 8.840472 5.904365 0.482649 6.617265 5.008583 7.491233 4.275404 6.034698 0.879942 4.269001 7.413953 5.928451 0.411731 9.769839 1.416686 0.222591
(0) clusters[28] = 8.874999 8.120343 4.385480 6.620205 4.519153 3.619031 8.125617 7.238710 1.849688 6.707206 8.633899 4.924255 1.813307 9.172106 0.351900 5.070043
(0) clusters[29] = 9.896250 1.352146 6.627830 1.055516 9.097821 7.957470 2.732804 6.380748 3.821866 6.038317 8.845250 8.607606 8.240180 5.142459 8.637253 8.236030
(0) clusters[30] = 9.930777 3.568124 0.535544 1.063334 8.613278 4.085273 6.578134 7.584765 4.786725 8.476512 0.065197 7.598531 9.636879 4.544726 7.567583 3.083487
(0) clusters[31] = 9.965305 5.779220 4.443258 1.061391 8.123848 0.213066 0.433225 8.793660 5.756472 0.904951 1.290026 6.594339 1.038456 3.946998 6.502797 7.930943
        nloops =  10   (total =  0.8921s)  (per loop =  0.0892s)
Final cluster centers:
clusters[0] = 2.730496 6.542668 6.816129 2.666820 6.350548 6.003075 5.783954 6.795666 5.646930 4.138093 4.004231 5.844969 3.791520 2.797468 5.214933 3.065348 
clusters[1] = 3.574535 2.927020 3.519378 5.073530 3.558518 2.788578 6.744317 6.790516 6.051930 2.724821 4.694929 6.468003 6.827984 6.690920 4.951373 5.305327 
clusters[2] = 3.319362 4.967526 5.317280 5.075817 2.669303 6.640960 3.372187 3.203575 7.462483 4.601378 4.103933 6.311533 3.553950 6.804838 3.867741 2.794158 
clusters[3] = 2.844854 5.298734 6.418153 2.930886 3.203321 3.786612 5.478030 3.654200 2.289213 6.186210 5.176918 6.284131 3.125769 6.460760 3.572387 5.507218 
clusters[4] = 3.946476 7.067220 3.746860 6.850400 6.065935 5.072029 2.842706 3.589367 4.217413 6.488710 4.480412 2.780266 5.948886 5.857635 7.287263 6.794823 
clusters[5] = 3.158779 3.479060 6.290815 7.102628 5.737190 3.964283 4.642157 3.565731 3.753367 6.823423 5.469713 7.155222 7.184153 6.088801 6.865698 3.462135 
clusters[6] = 4.650108 4.088430 7.323183 7.009254 4.385993 6.374301 7.219298 3.297483 5.374285 3.066478 6.020499 6.736700 3.475201 4.234026 6.811727 6.511214 
clusters[7] = 3.369523 6.995886 2.898809 7.087581 4.706337 5.330773 3.379607 5.587604 5.207026 4.567364 6.980733 7.266774 3.613463 2.928581 6.370137 4.243497 
clusters[8] = 3.717443 6.592244 4.086398 4.343093 7.248650 6.738712 7.004718 2.727987 6.353645 3.264540 6.584967 4.136182 6.387062 6.739828 4.387862 5.599214 
clusters[9] = 4.464870 2.831329 6.728786 5.302140 7.481516 5.682461 3.877930 5.187504 6.256733 5.102644 3.118637 2.512168 4.716247 7.095651 4.286626 3.058814 
clusters[10] = 3.627931 4.673213 3.279055 4.997458 6.980401 3.887199 4.766915 5.850416 7.061374 7.102746 3.265631 7.030553 3.222200 6.137115 3.845763 6.981586 
clusters[11] = 3.817473 5.921370 3.551288 6.324482 2.709862 5.874386 6.742128 4.753403 4.314125 7.210006 3.158596 4.444714 6.717619 3.598033 2.923890 6.803020 
clusters[12] = 3.889952 6.638455 6.680566 6.855894 3.310168 4.004958 4.375244 5.691582 3.151324 2.596113 3.460494 3.508784 6.820262 4.585667 3.449088 3.388367 
clusters[13] = 4.412735 3.131586 3.041753 4.926739 3.851946 7.132177 6.560421 7.238341 4.600363 3.397273 5.164366 2.869193 3.303734 4.199238 5.957302 6.947595 
clusters[14] = 5.726931 3.521453 6.583773 6.203998 2.594232 4.644259 2.929649 6.846740 4.436077 6.673600 5.050825 3.232623 3.590505 3.266700 6.658454 3.477139 
clusters[15] = 5.581795 6.444856 7.315162 4.480922 3.991182 7.337598 4.591800 7.536551 6.342061 4.555105 5.208780 4.429683 6.931202 7.194545 5.681827 6.932845 
clusters[16] = 3.732907 6.306726 3.008329 3.759540 4.585384 4.460342 5.979099 7.194847 6.399485 6.726487 7.204815 2.930441 6.632413 5.521648 5.711939 2.840153 
clusters[17] = 4.727141 2.893612 5.927998 3.483798 4.306447 3.431788 4.503785 3.031447 7.096103 6.936746 6.992456 2.738519 3.936137 4.888642 4.523098 6.807362 
clusters[18] = 4.372965 3.754901 6.916596 5.559530 7.045433 4.851867 6.467332 7.149205 2.998858 6.402618 6.623813 4.553210 6.491425 3.153437 3.426840 6.793445 
clusters[19] = 5.000370 4.394834 3.420283 3.743027 6.405481 3.218564 3.567175 3.077174 2.665432 3.276699 7.012909 4.329451 6.616602 3.722622 3.104753 4.255434 
clusters[20] = 6.927943 6.885074 6.412799 5.251762 6.651160 7.080144 4.363952 3.199827 4.224710 5.006805 3.237405 4.213762 3.088027 3.255497 3.043204 6.486402 
clusters[21] = 5.324445 3.682271 3.159339 5.990854 6.500202 3.361213 7.258122 3.011972 4.050637 4.468409 3.579756 3.476907 3.198243 3.737939 6.791389 3.338548 
clusters[22] = 6.010027 3.289476 3.468181 3.456433 3.112223 6.956051 3.587143 2.908684 4.231803 4.285186 3.028823 6.078449 6.914531 5.085696 6.177214 6.769785 
clusters[23] = 7.045626 6.559475 7.188938 3.276001 3.392610 4.078962 6.955594 2.945588 5.503717 5.890493 4.236692 5.032942 6.703537 5.043196 6.649187 3.224120 
clusters[24] = 6.451770 7.266290 2.805409 3.069218 2.886402 3.088196 4.210025 4.511097 6.639563 3.091759 4.978513 3.780314 3.143381 4.538043 5.019711 5.861410 
clusters[25] = 7.108154 3.360986 3.805469 6.017698 5.149665 6.826406 6.494983 4.468335 7.170053 6.598017 5.520178 6.264302 5.494580 3.064758 3.116093 2.842890 
clusters[26] = 6.664250 4.644302 6.466290 6.272839 5.405851 3.234701 2.968510 5.037682 7.614957 3.282538 5.741729 6.216253 7.104453 3.281249 3.586288 5.998800 
clusters[27] = 6.659884 4.490313 3.195577 5.606558 4.804903 7.252262 4.008038 6.042491 2.661201 3.672054 5.818962 5.563057 3.615743 7.291909 3.278562 2.971421 
clusters[28] = 7.281700 6.908673 5.664455 6.977113 4.791259 3.126499 6.876446 6.302077 4.486919 6.251522 6.816699 5.070209 3.144973 7.087729 3.905240 5.093233 
clusters[29] = 6.617848 3.775239 5.304790 2.599925 6.746921 6.786980 3.458239 5.260358 4.292145 6.320931 7.692065 6.897926 4.664744 5.079973 7.135043 5.622434 
clusters[30] = 6.862123 5.710711 2.931831 3.457056 6.606851 4.321236 4.931994 7.141503 3.567112 6.481133 2.486535 6.022999 7.107865 4.718392 5.747855 3.635427 
clusters[31] = 6.467206 4.745091 6.620659 4.259772 6.608716 2.700592 3.702090 6.503539 3.776756 2.818103 3.170778 5.982140 3.180577 5.754408 6.770174 6.672111 
--------------------------------------------------------------
Running kmeans with 64 processes
dataset_size = 256.00 MB    numObjs = 2097152    numCoords = 16    numClusters = 32
Initial cluster centers:
(0) clusters[0] = 0.004715 7.995198 8.346090 1.069209 7.634423 6.345752 4.278550 9.997682 6.721331 3.343146 2.509972 5.590152 2.435149 3.354148 5.438011 2.778399
(0) clusters[1] = 1.021078 1.222118 0.583557 5.499637 2.217974 0.679308 8.885738 9.139716 8.693514 2.674257 2.721328 9.268611 8.862022 9.324500 3.713607 5.944382
(0) clusters[2] = 1.055605 3.438091 4.491276 5.507455 1.723666 6.807111 2.735951 0.343728 9.658373 5.107579 3.941269 8.264419 0.263599 8.721890 2.648821 0.791838
(0) clusters[3] = 1.090133 5.654074 8.398990 5.510395 1.239118 2.934909 6.586164 1.552633 0.628114 7.545774 5.166098 7.260231 1.655410 8.129035 1.584030 5.644182
(0) clusters[4] = 2.111379 8.885873 0.636457 9.945706 5.822664 7.273352 1.188464 0.689784 2.600297 6.876886 5.372571 0.938690 8.082283 4.099392 9.859626 8.810160
(0) clusters[5] = 2.150789 1.096968 4.544171 9.948642 5.333239 3.406033 5.043555 1.898683 3.565156 9.315085 6.597400 9.934498 9.478977 3.496776 8.794840 3.652738
(0) clusters[6] = 2.185321 3.312946 8.451885 9.951582 4.843814 9.533831 8.893767 3.102700 4.539781 1.748402 7.822229 8.930311 0.880554 2.903926 7.730053 8.505077
(0) clusters[7] = 2.219843 5.524042 2.354716 9.954517 4.359267 5.661629 2.743980 4.306712 5.504640 4.186602 9.047059 7.921236 2.277247 2.306198 6.665267 3.352533
(0) clusters[8] = 3.241094 8.755845 4.597066 4.389828 8.937934 9.995185 7.346285 3.448751 7.471940 3.512831 9.248644 1.604578 8.704121 8.276551 4.945737 6.523399
(0) clusters[9] = 3.275621 0.966935 8.504781 4.397646 8.448509 6.132754 1.196498 4.657651 8.446564 5.951031 0.478356 0.600386 0.105697 7.678818 3.880950 1.365967
(0) clusters[10] = 3.315027 3.187801 2.407617 4.395703 7.959084 2.260552 5.046711 5.861668 9.411423 8.384348 1.698302 9.591316 1.502391 7.081085 2.816164 6.213428
(0) clusters[11] = 4.331395 6.414716 4.645084 8.835897 2.542625 6.594112 9.649006 5.003701 1.383606 7.715459 1.904770 3.279540 7.929264 3.056326 1.091761 9.384289
(0) clusters[12] = 4.365922 8.630699 8.552798 8.833949 2.053199 2.721910 3.504102 6.207723 2.353348 0.153659 3.129604 2.270465 9.330841 2.458588 0.026974 4.231750
(0) clusters[13] = 4.400445 0.841790 2.460512 8.841772 1.563774 8.854591 7.349432 7.416618 3.318207 2.591859 4.354433 1.261395 0.727535 1.855977 8.962183 9.074323
(0) clusters[14] = 4.434977 3.057773 6.368226 8.844707 1.074349 4.982394 1.204527 8.620635 4.283066 5.025176 5.574375 0.257203 2.124233 1.263127 7.897397 3.921784
(0) clusters[15] = 5.456227 6.284688 8.605693 3.280018 5.657895 9.320833 5.806832 7.762674 6.255249 4.351404 5.785730 3.935662 8.546223 7.233480 6.172989 7.092645
(0) clusters[16] = 5.495633 8.505554 2.513407 3.282953 5.168470 5.448631 9.661923 8.966686 7.224990 6.789604 7.005677 2.931475 9.947800 6.630869 5.108202 1.940106
(0) clusters[17] = 5.530160 0.716645 6.416239 3.290776 4.679044 1.576429 3.507253 0.175590 8.189854 9.227804 8.230506 1.927283 1.344494 6.038014 4.043416 6.787562
(0) clusters[18] = 6.551411 3.948448 8.658589 7.721204 9.267473 5.909990 8.114436 9.312741 0.162032 8.558915 8.436974 5.610624 7.771367 2.008371 2.323890 9.953545
(0) clusters[19] = 6.585933 6.159543 2.566308 7.729022 8.778043 2.042671 1.964649 0.521636 1.131774 0.992232 9.661808 4.601554 9.172944 1.415521 1.259104 4.801001
(0) clusters[20] = 6.620461 8.375516 6.474022 7.727075 8.288618 8.170469 5.814861 1.725658 2.096638 3.430432 0.881749 3.597362 0.569637 0.812906 0.194318 9.648457
(0) clusters[21] = 6.659866 0.586617 0.376853 7.730015 7.799193 4.298271 9.665074 2.934553 3.071262 5.868632 2.106579 2.588288 1.971214 0.215177 9.124648 4.500796
(0) clusters[22] = 7.676239 3.818415 2.614320 2.170209 2.382743 8.636710 4.272257 2.071713 5.038557 5.194861 2.313051 6.271639 8.398087 6.190413 7.405123 7.661892
(0) clusters[23] = 7.710766 6.034398 6.522034 2.168261 1.893313 4.769396 8.117587 3.280608 6.008304 7.628178 3.537876 5.267442 9.794776 5.587793 6.340337 2.514235
(0) clusters[24] = 7.745289 8.250371 0.424866 2.176084 1.403888 0.897189 1.967800 4.479738 6.973158 0.066373 4.757827 4.258367 1.191470 4.994947 5.270663 7.361696
(0) clusters[25] = 8.766539 1.477291 2.667216 6.606512 5.982555 5.230750 6.574983 3.621781 8.940463 9.397484 4.969173 7.946596 7.613460 0.965300 3.551142 0.522792
(0) clusters[26] = 8.801067 3.693270 6.574930 6.614330 5.498013 1.358548 0.420308 4.825793 9.915083 1.835689 6.189124 6.937526 9.015037 0.367567 2.486356 5.375130
(0) clusters[27] = 8.840472 5.904365 0.482649 6.617265 5.008583 7.491233 4.275404 6.034698 0.879942 4.269001 7.413953 5.928451 0.411731 9.769839 1.416686 0.222591
(0) clusters[28] = 8.874999 8.120343 4.385480 6.620205 4.519153 3.619031 8.125617 7.238710 1.849688 6.707206 8.633899 4.924255 1.813307 9.172106 0.351900 5.070043
(0) clusters[29] = 9.896250 1.352146 6.627830 1.055516 9.097821 7.957470 2.732804 6.380748 3.821866 6.038317 8.845250 8.607606 8.240180 5.142459 8.637253 8.236030
(0) clusters[30] = 9.930777 3.568124 0.535544 1.063334 8.613278 4.085273 6.578134 7.584765 4.786725 8.476512 0.065197 7.598531 9.636879 4.544726 7.567583 3.083487
(0) clusters[31] = 9.965305 5.779220 4.443258 1.061391 8.123848 0.213066 0.433225 8.793660 5.756472 0.904951 1.290026 6.594339 1.038456 3.946998 6.502797 7.930943
        nloops =  10   (total =  0.4665s)  (per loop =  0.0467s)
Final cluster centers:
clusters[0] = 2.730496 6.542668 6.816129 2.666820 6.350548 6.003075 5.783954 6.795666 5.646930 4.138093 4.004231 5.844969 3.791520 2.797468 5.214933 3.065348 
clusters[1] = 3.574535 2.927020 3.519378 5.073530 3.558518 2.788578 6.744317 6.790516 6.051930 2.724821 4.694929 6.468003 6.827984 6.690920 4.951373 5.305327 
clusters[2] = 3.319362 4.967526 5.317280 5.075817 2.669303 6.640960 3.372187 3.203575 7.462483 4.601378 4.103933 6.311533 3.553950 6.804838 3.867741 2.794158 
clusters[3] = 2.844854 5.298734 6.418153 2.930886 3.203321 3.786612 5.478030 3.654200 2.289213 6.186210 5.176918 6.284131 3.125769 6.460760 3.572387 5.507218 
clusters[4] = 3.946476 7.067220 3.746860 6.850400 6.065935 5.072029 2.842706 3.589367 4.217413 6.488710 4.480412 2.780266 5.948886 5.857635 7.287263 6.794823 
clusters[5] = 3.158779 3.479060 6.290815 7.102628 5.737190 3.964283 4.642157 3.565731 3.753367 6.823423 5.469713 7.155222 7.184153 6.088801 6.865698 3.462135 
clusters[6] = 4.650108 4.088430 7.323183 7.009254 4.385993 6.374301 7.219298 3.297483 5.374285 3.066478 6.020499 6.736700 3.475201 4.234026 6.811727 6.511214 
clusters[7] = 3.369523 6.995886 2.898809 7.087581 4.706337 5.330773 3.379607 5.587604 5.207026 4.567364 6.980733 7.266774 3.613463 2.928581 6.370137 4.243497 
clusters[8] = 3.717443 6.592244 4.086398 4.343093 7.248650 6.738712 7.004718 2.727987 6.353645 3.264540 6.584967 4.136182 6.387062 6.739828 4.387862 5.599214 
clusters[9] = 4.464870 2.831329 6.728786 5.302140 7.481516 5.682461 3.877930 5.187504 6.256733 5.102644 3.118637 2.512168 4.716247 7.095651 4.286626 3.058814 
clusters[10] = 3.627931 4.673213 3.279055 4.997458 6.980401 3.887199 4.766915 5.850416 7.061374 7.102746 3.265631 7.030553 3.222200 6.137115 3.845763 6.981586 
clusters[11] = 3.817473 5.921370 3.551288 6.324482 2.709862 5.874386 6.742128 4.753403 4.314125 7.210006 3.158596 4.444714 6.717619 3.598033 2.923890 6.803020 
clusters[12] = 3.889952 6.638455 6.680566 6.855894 3.310168 4.004958 4.375244 5.691582 3.151324 2.596113 3.460494 3.508784 6.820262 4.585667 3.449088 3.388367 
clusters[13] = 4.412735 3.131586 3.041753 4.926739 3.851946 7.132177 6.560421 7.238341 4.600363 3.397273 5.164366 2.869193 3.303734 4.199238 5.957302 6.947595 
clusters[14] = 5.726931 3.521453 6.583773 6.203998 2.594232 4.644259 2.929649 6.846740 4.436077 6.673600 5.050825 3.232623 3.590505 3.266700 6.658454 3.477139 
clusters[15] = 5.581795 6.444856 7.315162 4.480922 3.991182 7.337598 4.591800 7.536551 6.342061 4.555105 5.208780 4.429683 6.931202 7.194545 5.681827 6.932845 
clusters[16] = 3.732907 6.306726 3.008329 3.759540 4.585384 4.460342 5.979099 7.194847 6.399485 6.726487 7.204815 2.930441 6.632413 5.521648 5.711939 2.840153 
clusters[17] = 4.727141 2.893612 5.927998 3.483798 4.306447 3.431788 4.503785 3.031447 7.096103 6.936746 6.992456 2.738519 3.936137 4.888642 4.523098 6.807362 
clusters[18] = 4.372965 3.754901 6.916596 5.559530 7.045433 4.851867 6.467332 7.149205 2.998858 6.402618 6.623813 4.553210 6.491425 3.153437 3.426840 6.793445 
clusters[19] = 5.000370 4.394834 3.420283 3.743027 6.405481 3.218564 3.567175 3.077174 2.665432 3.276699 7.012909 4.329451 6.616602 3.722622 3.104753 4.255434 
clusters[20] = 6.927943 6.885074 6.412799 5.251762 6.651160 7.080144 4.363952 3.199827 4.224710 5.006805 3.237405 4.213762 3.088027 3.255497 3.043204 6.486402 
clusters[21] = 5.324445 3.682271 3.159339 5.990854 6.500202 3.361213 7.258122 3.011972 4.050637 4.468409 3.579756 3.476907 3.198243 3.737939 6.791389 3.338548 
clusters[22] = 6.010027 3.289476 3.468181 3.456433 3.112223 6.956051 3.587143 2.908684 4.231803 4.285186 3.028823 6.078449 6.914531 5.085696 6.177214 6.769785 
clusters[23] = 7.045626 6.559475 7.188938 3.276001 3.392610 4.078962 6.955594 2.945588 5.503717 5.890493 4.236692 5.032942 6.703537 5.043196 6.649187 3.224120 
clusters[24] = 6.451770 7.266290 2.805409 3.069218 2.886402 3.088196 4.210025 4.511097 6.639563 3.091759 4.978513 3.780314 3.143381 4.538043 5.019711 5.861410 
clusters[25] = 7.108154 3.360986 3.805469 6.017698 5.149665 6.826406 6.494983 4.468335 7.170053 6.598017 5.520178 6.264302 5.494580 3.064758 3.116093 2.842890 
clusters[26] = 6.664250 4.644302 6.466290 6.272839 5.405851 3.234701 2.968510 5.037682 7.614957 3.282538 5.741729 6.216253 7.104453 3.281249 3.586288 5.998800 
clusters[27] = 6.659884 4.490313 3.195577 5.606558 4.804903 7.252262 4.008038 6.042491 2.661201 3.672054 5.818962 5.563057 3.615743 7.291909 3.278562 2.971421 
clusters[28] = 7.281700 6.908673 5.664455 6.977113 4.791259 3.126499 6.876446 6.302077 4.486919 6.251522 6.816699 5.070209 3.144973 7.087729 3.905240 5.093233 
clusters[29] = 6.617848 3.775239 5.304790 2.599925 6.746921 6.786980 3.458239 5.260358 4.292145 6.320931 7.692065 6.897926 4.664744 5.079973 7.135043 5.622434 
clusters[30] = 6.862123 5.710711 2.931831 3.457056 6.606851 4.321236 4.931994 7.141503 3.567112 6.481133 2.486535 6.022999 7.107865 4.718392 5.747855 3.635427 
clusters[31] = 6.467206 4.745091 6.620659 4.259772 6.608716 2.700592 3.702090 6.503539 3.776756 2.818103 3.170778 5.982140 3.180577 5.754408 6.770174 6.672111 
