--------------------------------------------------------------

Running with 1 threads
FW_TILED,16,4,0.0000
0
68956
34224
182105
108483
15862
46055
60446
384693
354851
129460
218436
98471
197871
101154
222006
92454
0
126678
274559
87443
108316
138509
143309
477147
364313
212323
181660
190925
290325
193608
314460
127186
34732
0
251740
122175
143048
173241
178041
377297
320627
247055
216392
225657
270655
66930
349192
243582
155651
120919
0
238571
145950
64003
208160
205737
334559
277174
292901
228559
18915
187849
320599
5011
73967
39235
187116
0
20873
51066
65457
389704
295799
134471
109953
103482
202882
106165
227017
97632
166588
131856
166243
92621
0
143687
158078
368831
388420
183645
202574
82609
182009
198786
206144
184102
91648
56916
219995
179091
199964
0
234204
419541
377543
303218
273308
282573
238910
123846
256596
122091
40218
5486
257226
117080
137953
70358
0
382783
326113
69014
221878
220562
276141
72416
326954
124514
42641
7909
259649
119503
140376
72781
2423
0
328536
71437
224301
222985
278564
74839
179777
74750
140940
108974
96767
183233
90612
120805
135196
302504
0
204210
293186
173221
115682
175904
77377
53077
76909
42177
235182
48066
68939
99132
113523
419474
343865
0
158019
151548
250948
109107
275083
196346
265302
230570
353000
304829
212208
242401
256792
558737
478807
272219
0
294817
371915
297500
418352
15023
83979
49247
83634
10012
30885
61078
75469
286222
305811
101036
119965
0
99400
116177
123535
311336
229463
194731
412411
306325
327198
202078
189245
186822
315644
258259
273986
409807
0
261661
366599
239719
147265
112533
338371
234708
255581
204974
284051
310367
253697
353065
328925
254737
295852
0
331074
156017
63563
190241
103144
151006
171879
167147
206872
308881
427876
275886
245223
254488
122059
257171
0
